<?xml version="1.0" encoding="UTF-8"?>
<!-- Generated by org.testng.reporters.JUnitReportReporter -->
<testsuite hostname="LAPTOP-STU4A0JD" failures="0" tests="2" name="runner.TestRunner" time="29.135" errors="0" timestamp="2024-01-21T10:51:02 IST" skipped="0">
  <testcase classname="runner.TestRunner" name="runScenario" time="14.306"/>
  <testcase classname="runner.TestRunner" name="runScenario" time="14.829"/>
</testsuite> <!-- runner.TestRunner -->
