<?xml version="1.0" encoding="UTF-8"?>
<!-- Generated by org.testng.reporters.JUnitReportReporter -->
<testsuite hostname="LAPTOP-STU4A0JD" failures="0" tests="2" name="runner.TestRunner" time="32.396" errors="0" timestamp="2024-01-21T07:52:47 IST" skipped="0">
  <testcase classname="runner.TestRunner" name="runScenario" time="12.741"/>
  <testcase classname="runner.TestRunner" name="runScenario" time="19.655"/>
</testsuite> <!-- runner.TestRunner -->
